Онегин едет на бульвар
Но вообще их разговор
Несносный, хоть невинный вздор;
Без предисловий, сей же час
О Брента! нет, увижу вас
Позвольте познакомить вас:
Сменив, не заменили вас?
В обоих сердца жар угас;
Уж отворял свой васисдас.
Внемлите мой печальный глас:
Услышу ваш волшебный глас!
Томила жизнь обоих нас;
Очаровательных актрис,
Там, там под сению кулис
Почетный гражданин кулис,
К нему записочки несут.
Театр уж полон; ложи блещут;
В райке нетерпеливо плещут,
Три дома на вечер зовут:
Как Байрон, гордости поэт,
По цельным окнам тени ходят,
И радуги на снег наводят;
На сцене скачут и шумят;
На шубах у подъезда спят;
Что намарал я свой портрет,
Двойные фонари карет
Перо, забывшись, не рисует,
Пишу, и сердце не тоскует,
И быстрой ножкой ножку бьет.
То стан совьет, то разовьет
Все это часто придает
Веселый изливают свет
И, устремив на чуждый свет
И наконец увидел свет.
Французской кухни лучший цвет,
Пока недремлющий брегет
Иль взор унылый не найдет
Одет, раздет и вновь одет?
Как государство богатеет,
Когда простой продукт имеет.
Кто жил и мыслил, тот не может
Того раскаянье грызет.
Залить горячий жир котлет,
Что новый начался балет.
Но панталоны, фрак, жилет,
Душой исполненный полет?
И трюфли, роскошь юных лет,
Исчезло счастье юных лет,
Свободный, в цвете лучших лет,
Философа в осьмнадцать лет.
Разочарованный лорнет,
Держите прямо свой лорнет!
Погасший пепел уж не вспыхнет,
В душе моей совсем утихнет:
Уединенный кабинет,
Все украшало кабинет
В том совести, в том смысла нет;
Я всё грущу; но слез уж нет,
Всех этих слов на русском нет;
Еще бокалов жажда просит
Но звон брегета им доносит,
Под ней снег утренний хрустит.
И вдруг прыжок, и вдруг летит,
С кувшином охтенка спешит,
Все хлопает. Онегин входит,
Двойной лорнет скосясь наводит
Другою медленно кружит,
Кто чувствовал, того тревожит
И, взвившись, занавес шумит.
И опершися на гранит,
Иль розы пламенных ланит,
Партер и кресла — все кипит;
И то, что мы назвали франт.
В своей одежде был педант
Ученый малый, но педант:
Имел он счастливый талант
Онегин полетел к театру,
Обшикать Федру, Клеопатру,
Большую прелесть разговору.
К его язвительному спору,
Цензуре долг свой заплачу
Но их исправить не хочу.
Что уж давно я не грешу.
Я это потому пишу,
Я кончил первую главу;
И как героя назову;
Он застрелиться, слава богу,
Так воспитаньем, слава богу,
И, други, никого, ей-богу!
Любви безумную тревогу
Мы все учились понемногу
Им овладела понемногу;
Она, пророчествуя взгляду
Неоцененную награду,
Людей, о коих не сужу,
Затем, что к ним принадлежу.
Читал, читал, а всё без толку:
Отрядом книг уставил полку,
И чем живет, и почему
Не нужно золота ему,
Раскланялся, потом на сцену
И молвил: «Всех пора на смену;
Недуг, которого причину
Подобный английскому сплину,
Летя в пыли на почтовых,
Сердца кокеток записных!
Наследник всех своих родных.
Ни песен, ими вдохновенных:
Но полно прославлять надменных
В заветных иногда мечтах
И ножку чувствую в руках;
Слова и взор волшебниц сих
(Судей решительных и строгих)
Онегин был по мненью многих
Ему соперников своих,
Обманчивы... как ножки их.
Долгами жил его отец,
И брань, и саблю, и свинец.
И промотался наконец.
Но разлюбил он наконец
Однако ножка Терпсихоры
Узрю ли русской Терпсихоры
Услышу ль вновь я ваши хоры?
Летают пламенные взоры,
Дианы грудь, ланиты Флоры
Бренчат кавалергарда шпоры;
Сличая здесь мои черты,
Мне нравились его черты,
Как он, отстав от суеты,
Где мнете вешние цветы?
Замысловатой клеветы,
Бывало, милые предметы
Он рыться не имел охоты
Но дней минувших анекдоты
Безумец, их забудешь ты?
Но если б не страдали нравы,
Увы, на разные забавы
Родился на брегах Невы,
Всё те же ль вы? другие ль девы,
Прохлада сумрачной дубровы,
Два дня ему казались новы
Где, может быть, родились вы
Мои богини! что вы? где вы?
Блистал Фонвизин, друг свободы,
Для сладкой неги и свободы:
Придет ли час моей свободы?
Брожу над морем 10, жду погоды,
Волшебный край! там в стары годы,
Не так ли я в былые годы
Как в лес зеленый из тюрьмы
Безмолвно упивались мы!
Живее творческие сны.
К тому ж они так непорочны,
Так осмотрительны, так точны,
Увидеть чуждые страны;
Не отражает лик Дианы,
Воспомня прежних лет романы,
На долгой срок разведены.
Для деревенской тишины;
Адриатические волны,
Так благочестия полны,
Так величавы, так умны,
Хоть и заглядывал я встарь
В Академический словарь.
Младые дни мои неслись.
И после важно разошлись,
Как будто делом занялись.
И тесноту, и блеск, и радость,
Люблю я бешеную младость,
Цветы, любовь, деревня, праздность,
Всегда я рад заметить разность
Неподражательная странность
Мечтам невольная преданность,
У нас немудрено блеснуть.
И очень рад, что прежний путь
Ему подушки поправлять,
Приятной лестью забавлять,
Полуживого забавлять,
Шутя невинность изумлять,
Поэму песен в двадцать пять.
Чтоб эпиграфы разбирать,
Тогда-то я начну писать
Казаться мрачным, изнывать,
Безмолвно буду я зевать
Таить надежду, ревновать,
Умом и страстью побеждать,
Невольной ласки ожидать,
Так, если правду вам сказать,
И о былом воспоминать?
Еще не перестали топать,
Сморкаться, кашлять, шикать, хлопать;
Разуверять, заставить верить,
Как рано мог он лицемерить,
Как мы ни бились, отличить.
Для звуков жизни не щадить,
Когда ж хотелось уничтожить
Как рано мог уж он тревожить
Я вас хочу предостеречь.
Прошу мою заметить речь:
Не отходя ни шагу прочь!
С больным сидеть и день и ночь,
Зажгло в увядшем сердце кровь,
Опять тоска, опять любовь!..
Воспомня прежнюю любовь,
Чувствительны, беспечны вновь,
Чему-нибудь и как-нибудь,
Переменил на что-нибудь.
Хозяин полный, а досель
Онегин, добрый мой приятель,
Чтобы насмешливый читатель
Или блистали, мой читатель;
Или какой-нибудь издатель
Театра злой законодатель,
Непостоянный обожатель
Порядка враг и расточитель,
Вот наш Онегин — сельский житель,
Заводов, вод, лесов, земель
Кривые толки, шум и брань!
И заслужи мне славы дань:
Что занимало целый день
Уселся он — с похвальной целью
И снова, преданный безделью,
Летучей славы не ловлю.
Читаю мало, долго сплю,
Как часто летнею порою,
Но скоро были мы судьбою
Бегущим бурной чередою
Я помню море пред грозою:
Онегин был готов со мною
По вольному распутью моря
Под ризой бурь, с волнами споря,
Онегин дома заперся,
Морозной пылью серебрится
Уж тёмно: в санки он садится.
Зевая, за перо взялся,
Перед Онегиным собрался
Отец его тогда скончался.
Учил его всему шутя,
И утро в полночь обратя,
Чтоб не измучилось дитя,
Забав и роскоши дитя.
Журчанье тихого ручья;
Но вы, блаженные мужья,
С ним оставались вы друзья:
Прелестны, милые друзья!
Теперь от вас, мои друзья,
Любви мечтательной друзья.
Добиться тайного свиданья...
Молить и требовать признанья,
Невинных лет предубежденья
Ловить минуту умиленья,
Лишь лодка, веслами махая,
Рожок и песня удалая...
Одним дыша, одно любя,
Как он умел забыть себя!
Вздыхать и думать про себя:
Евгений, тяжбы ненавидя,
Большой потери в том не видя
Не мог он ямба от хорея,
Высокой страсти не имея
Уединенные поля,
Держу я счастливое стремя...
Условий света свергнув бремя,
Мне памятно другое время!
С ним подружился я в то время.
Прелестней чем-то для меня.
Мне снились, и душа моя
Вопрос нередко слышу я:
Там некогда гулял и я:
Как dandy 2 лондонский одет —
Замечу кстати: все поэты —
Бранят господ и бьют в ладони —
Его тоскующую лень, —
Для роскоши, для неги модной, —
Однообразна и пестра.
Короче: русская хандра
И завтра то же, что вчера.
И пленниц берегов Салгира.
«О ком твоя вздыхает лира?
Monsieur прогнали со двора.
Давно бы отыскать пора,
Пришла Евгению пора,
Всевышней волею Зевеса
Так думал молодой повеса,
Толпа мазуркой занята;
Причудницы большого света!
И правда то, что в наши лета
Бранил Гомера, Феокрита;
Зато читал Адама Смита
Кругом и шум и теснота;
Да помнил, хоть не без греха,
Из Энеиды два стиха.
Где каждый, вольностью дыша,
Обоих ожидала злоба
Страстей игру мы знали оба;
До утра жизнь его готова,
И сыпать острые слова,
Когда болела голова;
Проснется за полдень, и снова
И, чувств изнеженных отрада,
И труд, и мука, и отрада,
Янтарь на трубках Цареграда,
Что было для него измлада
Прошла любовь, явилась муза,
Свободен, вновь ищу союза
Его пример другим наука;
Но, боже мой, какая скука
Коснуться до всего слегка,
Иль предузнав издалека
Кончину дяди старика.
С ученым видом знатока
Музыка уж греметь устала;
Вошел. Полна народу зала;
Их после муза оживила:
Сперва Madame за ним ходила,
Их образ тайный сохранила;
Судьба Евгения хранила:
Летит, как пух от уст Эола;
Одной ногой касаясь пола,
Я был от балов без ума:
И для вручения письма.
Толкует Сея и Бентама,
Хоть, может быть, иная дама
Блистательна, полувоздушна,
Смычку волшебному послушна,
Друзья Людмилы и Руслана!
Я думал уж о форме плана
Покамест моего романа
С героем моего романа
Толпою нимф окружена,
Как тень иль верная жена.
И старым бредит новизна.
И устарела старина,
Люблю ее, мой друг Эльвина,
Зимой на чугуне камина,
По гордой лире Альбиона
Он свят для внуков Аполлона;
И бегала за ним она,
Стоит Истомина; она,
Полезный промысел избрав,
В сем случае совсем неправ.
Защитник вольности и прав
Напев Торкватовых октав!
Но слаще, средь ночных забав,
Изобретает для забав,
Кому, в толпе ревнивых дев,
Ты посвятил ее напев?
Как пламенно красноречив,
Как томно был он молчалив,
Любили мягких вы ковров
Вотще ли был он средь пиров
Неосторожен и здоров?
Близ неоконченных стихов,
Ни карт, ни балов, ни стихов.
Хоть нет ни улиц, ни дворцов,
И для ногтей и для зубов.
Весной на мураве лугов,
Вы не оставили следов:
И щетки тридцати родов
И дам и модных чудаков.
Под длинной скатертью столов,
Мелькают профили голов
Ни женских ножек, ни голов;
С Мильонной раздавался вдруг;
Преследовать любовь, и вдруг
Пересказать мне недосуг;
Пора покинуть скучный брег
Когда ж начну я вольный бег?
Beef-steaks и страсбургский пирог
Что уж и так мой бедный слог
И земли отдавал в залог.
Когда не в шутку занемог,
Пестреть гораздо б меньше мог
Затем, что не всегда же мог
Ах! долго я забыть не мог
И лучше выдумать не мог.
Отец понять его не мог
Три пары стройных женских ног.
И дам обдуманный наряд;
Когда, надев мужской наряд,
Здесь описать его наряд;
Люблю их ножки; только вряд
Заняв ваш любопытный взгляд,
Богиня едет в маскарад.
И с ним проститься был бы рад.
От управителя доклад,
Там скука, там обман иль бред;
Поэзии священный бред,
Среди блистательных побед,
Не прозвонит ему обед.
За дочерьми смотрите вслед:
Петрарке шествуя вослед,
И скоро, скоро бури след
Как на лугах ваш легкий след.
Лобзать уста младых Армид,
Он три часа по крайней мере
Подобный ветреной Венере,
И там гуляет на просторе,
Покамест в утреннем уборе,
Без принужденья в разговоре
Хранить молчанье в важном споре
Куда стремглав в ямской карете
У нас теперь не то в предмете:
Прямые ножницы, кривые
Перекликались часовые,
И вы, красотки молодые,
Уносят дрожки удалые
Все было тихо; лишь ночные
Гребенки, пилочки стальные,
Евгений тотчас на свиданье
Прочтя печальное посланье,
Новорожденное творенье,
И край отцов, и заточенье?
Опять ее прикосновенье
Роскошное прикосновенье.
Чей взор, волнуя вдохновенье,
И журналистам на съеденье
Опять кипит воображенье,
Твое задумчивое пенье?
На северном, печальном снеге
Взлелеяны в восточной неге,
Вот мой Онегин на свободе;
Острижен по последней моде,
Хандра ждала его на страже,
Вы также, маменьки, построже
Не то... не то, избави боже!
Что и в деревне скука та же,
Плыла по дремлющей реке:
И нас пленяли вдалеке
Духи в граненом хрустале;
Потолковать об Ювенале,
Бывало, он еще в постеле:
Что дядя при смерти в постеле
Что? Приглашенья? В самом деле,
Вдруг получил он в самом деле
Как дань готовую земле.
Фарфор и бронза на столе,
Его нашел уж на столе,
Его не занимали боле;
Я негой наслажусь на воле,
Плывя в таинственной гондоле;
На третий роща, холм и поле
Я всё их помню, и во сне
Когда ж и где, в какой пустыне,
Он знал довольно по-латыне,
Ах, ножки, ножки! где вы ныне?
Латынь из моды вышла ныне:
Давать уроки в тишине!
И после ей наедине
Они тревожат сердце мне.
В бумажном колпаке, не раз
Еще снаружи и внутри
Везде блистают фонари;
Язык Петрарки и любви.
Съезжались недруги и други,
О вы, почтенные супруги!
Нашел он полон двор услуги;
Вам предложу свои услуги;
На всех различные вериги;
Как женщин, он оставил книги,
Но, прилетев в деревню дяди,
Приготовляясь, денег ради,
Еще усталые лакеи
Еще амуры, черти, змеи
Вздыхать о сумрачной России,
Мне неприязненной стихии
Нет: рано чувства в нем остыли;
Красавицы не долго были
В хронологической пыли
Друзья и дружба надоели,
Измены утомить успели;
Покойника похоронили.
Попы и гости ели, пили
Бытописания земли:
Коснуться милых ног устами!
Иноплеменными словами,
А вижу я, винюсь пред вами,
Вдоль сонной улицы рядами
Перед померкшими домами
Как я желал тогда с волнами
Там Озеров невольны дани
Мои счастливейшие дни?
Провел в бездействии, в тени
Еще, прозябнув, бьются кони,
С ней обретут уста мои
И рогоносец величавый,
Корнеля гений величавый;
Его ласкал супруг лукавый,
Две ножки... Грустный, охладелый,
Где мод воспитанник примерный
В глуши звучнее голос лирный,
И не попал он в цех задорный
Хотел писать — но труд упорный
Проснулся утра шум приятный.
И хлебник, немец аккуратный,
Веселья зритель равнодушный,
Торгует Лондон щепетильный
Все, что в Париже вкус голодный,
Свой век блестящий и мятежный
И, вдохновенья снова полный,
Ни милый взгляд, ни вздох нескромный,
Как Child-Harold, угрюмый, томный
И Страсбурга пирог нетленный
Пред ним roast-beef окровавленный,
Но, шумом бала утомленный
Что ж мой Онегин? Полусонный
Перенесен колодник сонный,
А Петербург неугомонный
Нет, никогда порыв страстей
Они не стоят ни страстей,
И думать о красе ногтей:
И полку, с пыльной их семьей,
И средь полуденных зыбей,
В душе не презирать людей;
Обычай деспот меж людей.
Слепой Фортуны и людей
Маню ветрила кораблей.
И кучера, вокруг огней,
Призрак невозвратимых дней:
На самом утре наших дней.
От Ромула до наших дней
Нет, никогда средь пылких дней
Пора, пора! — взываю к ней;
Наскуча упряжью своей,
Болтливой лирою своей;
Хранил он в памяти своей.
Вдали Италии своей.
Кипящей младости моей
Так не терзал души моей!
В Молдавии, в глуши степей,
Тому уж нет очарований,
Народных слез, рукоплесканий
Во дни веселий и желаний
Верней нет места для признаний
Того змия воспоминаний,
Всего, что знал еще Евгений,
Но был ли счастлив мой Евгений,
И вас покинул мой Евгений.
Второй Чадаев, мой Евгений,
Стоял задумчиво Евгений,
Но в чем он истинный был гений,
Боясь ревнивых осуждений,
Отступник бурных наслаждений,
Среди вседневных наслаждений?
С душою, полной сожалений,
Которых позднею порой
Стыдлив и дерзок, а порой
Желаний своевольный рой.
Своих комедий шумный рой,
Влечет условною красой
Задернул траурной тафтой.
Так уносились мы мечтой
Ночей Италии златой
Томясь душевной пустотой,
Поля! я предан вам душой.
Всегда довольный сам собой,
Там и Дидло венчался славой,
По петербургской мостовой,
Не докучал моралью строгой,
Monsieur l'Abbé, француз убогой,
С венецианкою младой,
К началу жизни молодой.
Себе присвоить ум чужой;
Блистал послушною слезой!
Там вывел колкий Шаховской
Расправил волоса рукой,
Шампанской обливать бутылкой
И хоть он был повеса пылкой,
Швейцара мимо он стрелой
Найдете вы в России целой
То говорливой, то немой,
Изображу ль в картине верной
Я был рожден для жизни мирной,
Знакомых лиц на сцене скучной,
Все, чем для прихоти обильной
Он мне знаком, он мне родной.
Своим обедом и женой.
Когда же юности мятежной
Пора надежд и грусти нежной,
Была наука страсти нежной,
Между Онегиным и мной,
Спокойно спит в тени блаженной
Дыханьем ночи благосклонной
Да дрожек отдаленный стук
Что знал он тверже всех наук,
Подслушать сердца первый звук,
Меня смущал; но я привык
Сперва Онегина язык
И недоверчивый старик,
«Пади, пади!» — раздался крик;
Встает купец, идет разносчик,
На биржу тянется извозчик,
Его бобровый воротник.
Там будет бал, там детский праздник.
Фобласа давний ученик,
Куда ж поскачет мой проказник?
У каждого свой ум и толк:
Заимодавцев жадный полк.
Вина кометы брызнул ток;
Вошел: и пробка в потолок,
Когда же черт возьмет тебя!»
Кого твой стих боготворил?»
В большом рассеянье взглянул,
Отворотился — и зевнул,
Мог изъясняться и писал;
Я безотрадно испытал.
Блажен, кто с нею сочетал
Мы лучше поспешим на бал,
И жажду славы и похвал,
Давно ль для вас я забывал
Легко мазурку танцевал
И уж заранее зевал,
Так я, беспечен, воспевал
И деву гор, мой идеал,
На зеркальном паркете зал,
У моря на граните скал.
Стремглав по почте поскакал
Уж мой Онегин поскакал.
Попробовать не захотел,
Но к жизни вовсе охладел.
Балеты долго я терпел,
Там наш Катенин воскресил
Чего ж вам больше? Свет решил,
Я много жизни погубил!
Я балы б до сих пор любил.
Где я страдал, где я любил,
«Мой дядя самых честных правил,
Он уважать себя заставил
Какие сети им готовил!
Как он язвительно злословил!
Умильной лаской наградил
И из уборной выходил
Пред зеркалами проводил
И в Летний сад гулять водил.
С младой Семеновой делил;
Что он умен и очень мил.
Ребенок был резов, но мил.
Слегка за шалости бранил
Потом Monsieur ее сменил.
Где сердце я похоронил.
Горячку рифм: он тем удвоил
А муки сердца успокоил,
Ему наскучил света шум;
Предмет его привычных дум;
Волшебных звуков, чувств и дум;
И прояснился темный ум.
И резкий, охлажденный ум.
И ананасом золотым.
Столбом восходит голубым,
Меж сыром лимбургским живым
Пугать отчаяньем готовым,
Как он умел казаться новым,
Открыты ставни; трубный дым
Внимательным иль равнодушным!
Являться гордым и послушным,
Брожу над озером пустынным,
Досугам посвятясь невинным,
Я был озлоблен, он угрюм;
Вот наш герой подъехал к сеням;
Взлетел по мраморным ступеням,
Иди же к невским берегам,
С любовью лечь к ее ногам!
Идет меж кресел по ногам,
Плоды трудов моих отдам:
По их пленительным следам
И возбуждать улыбку дам
Летают ножки милых дам;
На ложи незнакомых дам;
И к шутке, с желчью пополам,
Как я завидовал волнам,
И по Балтическим волнам
За лес и сало возит нам,
Поймал и славу между тем;
Я не желал с таким мученьем
Иль перси, полные томленьем;
Но я, любя, был глуп и нем.
Не мог понять, как важный Грим
Смел чистить ногти перед ним,
Довольный жребием своим,
Наследство предоставил им,
И злости мрачных эпиграмм.
Огнем нежданных эпиграмм.
Всё видел: лицами, убором
Все ярусы окинул взором,
Я мог бы пред ученым светом
В последнем вкусе туалетом
То есть умел судить о том,
Писать поэмы о другом,
Усеян плошками кругом,
Руссо (замечу мимоходом)
Блестит великолепный дом;
Быть можно дельным человеком
К чему бесплодно спорить с веком?
Как только о себе самом.
И был глубокой эконом,
На вздохи, скуку и обман
(И тем я начал мой роман);
К Talon 4 помчался: он уверен,
И ревом скрыпок заглушен
Я каждым утром пробужден
Уж барабаном пробужден.
В сердечных письмах как небрежен!
Как взор его был быстр и нежен,
Ревнивый шепот модных жен.
Что там уж ждет его Каверин.
Так неприступны для мужчин,
Сатиры смелый властелин,
И переимчивый Княжнин;
К покойнику со всех сторон
С мужчинами со всех сторон
Охотники до похорон.
Потом уж наводили сон;
Ни сплетни света, ни бостон,
Довольно скучен высший тон;
А уж Онегин вышел вон;
Которую воспел Назон,
И far niente мой закон.
Домой одеться едет он.
В постелю с бала едет он:
В гостиных появлялся он;
За что страдальцем кончил он
Всех прежде вас оставил он;
Ужасно недоволен он;
Потом увидел ясно он,
Какое низкое коварство
Печально подносить лекарство,
Не замечал он ничего.
Ему был тошен; ничего
Не вышло из пера его,
Чтоб только слышали его).
Ничто не трогало его,
Пересмотрел все это строго:
Моину вызвать (для того,
Противоречий очень много,
Когда прозрачно и светло
Описывать мое же дело:
Конечно б это было смело,
И вод веселое стекло
С кого начнет он? Все равно:
Служив отлично благородно,
Давал три бала ежегодно
Везде поспеть немудрено.
Не повторял потом безбожно,
Как будто нам уж невозможно
Он по-французски совершенно
И кланялся непринужденно;
Но вреден север для меня 1.
Под небом Африки моей 11,
Надев широкий боливар 3,
Но и Дидло мне надоел» 5.
Красноречивым сумасбродом 6.
Что вид их уж рождает сплин 7.
Ночное небо над Невою 8
Как описал себя пиит 9.
II
III
XLIII
LIII
VIII
XLVIII
LVIII
XVIII
XXVIII
XXXVIII
XXIII
XXXIII
LII

XLII
VII
XLVII
LVII
XVII
XXVII
XXXVII
XII
XXII
XXXII
LI
VI
XLVI
LVI
XVI
XXVI
XXXVI
XI
XXI
XXXI
L
IV
V
XLIV
LIV
XXIV
XXXIV
XLV
LV

XV
XXV
XLIX
LIX
XIX
XXIX
LX
 ........................................................
 ........................................................
 ........................................................
XXXIX. XL. XLI
XXXV
XX
XXX
Готов охлопать entrechat,
 ........................................................
 ........................................................
 ........................................................
XIII. XIV

X
 ........................................................
 ........................................................
 ........................................................
IX
В конце письма поставить vale,
